MenuProject/app/build/intermediates/manifest_merge_blame_file/debug/manifest-merger-blame-debug-report.txt
1<?xml version="1.0" encoding="utf-8"?>
2<manifest xmlns:android="http://schemas.android.com/apk/res/android"
3    package="com.example.menuproject"
4    android:versionCode="1"
5    android:versionName="1.0" >
6
7    <uses-sdk
8        android:minSdkVersion="16"
8-->src\main\AndroidManifest.xml
9        android:targetSdkVersion="30" />
9-->src\main\AndroidManifest.xml
10
11    <application
11-->src\main\AndroidManifest.xml:5:5-36:19
12        android:allowBackup="true"
12-->src\main\AndroidManifest.xml:6:9-35
13        android:appComponentFactory="androidx.core.app.CoreComponentFactory"
13-->[androidx.core:core:1.3.1] AndroidManifest.xml:24:18-86
14        android:debuggable="true"
15        android:icon="@mipmap/ic_launcher"
15-->src\main\AndroidManifest.xml:7:9-43
16        android:label="@string/app_name"
16-->src\main\AndroidManifest.xml:8:9-41
17        android:roundIcon="@mipmap/ic_launcher_round"
17-->src\main\AndroidManifest.xml:9:9-54
18        android:supportsRtl="true"
18-->src\main\AndroidManifest.xml:10:9-35
19        android:testOnly="true"
20        android:theme="@style/Theme.MenuProject" >
20-->src\main\AndroidManifest.xml:11:9-49
21        <activity android:name="com.example.menuproject.MainActivity" >
21-->src\main\AndroidManifest.xml:12:9-18:20
21-->src\main\AndroidManifest.xml:12:19-47
22            <intent-filter>
22-->src\main\AndroidManifest.xml:13:13-17:29
23                <action android:name="android.intent.action.MAIN" />
23-->src\main\AndroidManifest.xml:14:17-69
23-->src\main\AndroidManifest.xml:14:25-66
24
25                <category android:name="android.intent.category.LAUNCHER" />
25-->src\main\AndroidManifest.xml:16:17-77
25-->src\main\AndroidManifest.xml:16:27-74
26            </intent-filter>
27        </activity>
28        <activity
28-->src\main\AndroidManifest.xml:19:9-26:20
29            android:name="com.example.menuproject.NewActivity"
29-->src\main\AndroidManifest.xml:20:13-40
30            android:label="@string/new_activity"
30-->src\main\AndroidManifest.xml:21:13-49
31            android:parentActivityName="com.example.menuproject.MainActivity" >
31-->src\main\AndroidManifest.xml:22:13-55
32            <meta-data
32-->src\main\AndroidManifest.xml:23:13-25:49
33                android:name="android.support.PARENT_ACTIVITY"
33-->src\main\AndroidManifest.xml:24:17-63
34                android:value=".MainActivity" />
34-->src\main\AndroidManifest.xml:25:17-46
35        </activity>
36        <activity
36-->src\main\AndroidManifest.xml:27:9-34:20
37            android:name="com.example.menuproject.HelpActivity"
37-->src\main\AndroidManifest.xml:28:13-41
38            android:label="@string/labelhelp"
38-->src\main\AndroidManifest.xml:29:13-46
39            android:parentActivityName="com.example.menuproject.MainActivity" >
39-->src\main\AndroidManifest.xml:30:13-55
40            <meta-data
40-->src\main\AndroidManifest.xml:23:13-25:49
41                android:name="android.support.PARENT_ACTIVITY"
41-->src\main\AndroidManifest.xml:24:17-63
42                android:value=".MainActivity" />
42-->src\main\AndroidManifest.xml:25:17-46
43        </activity>
44    </application>
45
46</manifest>